<?xml version="1.0" encoding="UTF-8"?>
<testng-results ignored="0" total="12" passed="12" failed="0" skipped="0">
  <reporter-output>
  </reporter-output>
  <suite started-at="2022-07-28T09:59:32 IST" name="Suite" finished-at="2022-07-28T10:03:42 IST" duration-ms="249116">
    <groups>
      <group name="cucumber">
        <method signature="AbstractTestNGCucumberTests.runScenario(io.cucumber.testng.PickleWrapper,io.cucumber.testng.FeatureWrapper)[pri:0, instance:org.SwagLabs.TestRunner.TestRunner1@652ab8d9]" name="runScenario" class="io.cucumber.testng.AbstractTestNGCucumberTests"/>
        <method signature="AbstractTestNGCucumberTests.runScenario(io.cucumber.testng.PickleWrapper,io.cucumber.testng.FeatureWrapper)[pri:0, instance:org.SwagLabs.TestRunner.TestRunner2@5f303ecd]" name="runScenario" class="io.cucumber.testng.AbstractTestNGCucumberTests"/>
        <method signature="AbstractTestNGCucumberTests.runScenario(io.cucumber.testng.PickleWrapper,io.cucumber.testng.FeatureWrapper)[pri:0, instance:org.SwagLabs.TestRunner.TestRunner3@50d3bf39]" name="runScenario" class="io.cucumber.testng.AbstractTestNGCucumberTests"/>
      </group> <!-- cucumber -->
    </groups>
    <test started-at="2022-07-28T09:59:32 IST" name="Test" finished-at="2022-07-28T10:03:42 IST" duration-ms="249116">
      <class name="org.SwagLabs.TestRunner.TestRunner1">
        <test-method is-config="true" signature="setUpClass(org.testng.ITestContext)[pri:0, instance:org.SwagLabs.TestRunner.TestRunner1@652ab8d9]" started-at="2022-07-28T09:59:33 IST" name="setUpClass" finished-at="2022-07-28T09:59:34 IST" duration-ms="1248" status="PASS">
          <params>
            <param index="0">
              <value>
                <![CDATA[org.testng.TestRunner@57cfdacc]]>
              </value>
            </param>
          </params>
          <reporter-output>
          </reporter-output>
        </test-method> <!-- setUpClass -->
        <test-method signature="runScenario(io.cucumber.testng.PickleWrapper,io.cucumber.testng.FeatureWrapper)[pri:0, instance:org.SwagLabs.TestRunner.TestRunner1@652ab8d9]" started-at="2022-07-28T09:59:34 IST" name="runScenario" description="Runs Cucumber Scenarios" data-provider="scenarios" finished-at="2022-07-28T09:59:44 IST" duration-ms="9981" status="PASS">
          <params>
            <param index="0">
              <value>
                <![CDATA["verifying the WebURL."]]>
              </value>
            </param>
            <param index="1">
              <value>
                <![CDATA["Testing the fuctionality of an WebBrowser."]]>
              </value>
            </param>
          </params>
          <reporter-output>
          </reporter-output>
        </test-method> <!-- runScenario -->
        <test-method is-config="true" signature="tearDownClass()[pri:0, instance:org.SwagLabs.TestRunner.TestRunner1@652ab8d9]" started-at="2022-07-28T09:59:44 IST" name="tearDownClass" finished-at="2022-07-28T09:59:44 IST" duration-ms="184" status="PASS">
          <reporter-output>
          </reporter-output>
        </test-method> <!-- tearDownClass -->
      </class> <!-- org.SwagLabs.TestRunner.TestRunner1 -->
      <class name="org.SwagLabs.TestRunner.TestRunner3">
        <test-method is-config="true" signature="setUpClass(org.testng.ITestContext)[pri:0, instance:org.SwagLabs.TestRunner.TestRunner3@50d3bf39]" started-at="2022-07-28T10:02:42 IST" name="setUpClass" finished-at="2022-07-28T10:02:42 IST" duration-ms="47" status="PASS">
          <params>
            <param index="0">
              <value>
                <![CDATA[org.testng.TestRunner@57cfdacc]]>
              </value>
            </param>
          </params>
          <reporter-output>
          </reporter-output>
        </test-method> <!-- setUpClass -->
        <test-method signature="runScenario(io.cucumber.testng.PickleWrapper,io.cucumber.testng.FeatureWrapper)[pri:0, instance:org.SwagLabs.TestRunner.TestRunner3@50d3bf39]" started-at="2022-07-28T10:02:42 IST" name="runScenario" description="Runs Cucumber Scenarios" data-provider="scenarios" finished-at="2022-07-28T10:03:11 IST" duration-ms="28784" status="PASS">
          <params>
            <param index="0">
              <value>
                <![CDATA["To validate that user is able navigate Product catlog page."]]>
              </value>
            </param>
            <param index="1">
              <value>
                <![CDATA["To verifying the fuctionlity of an soft option"]]>
              </value>
            </param>
          </params>
          <reporter-output>
          </reporter-output>
        </test-method> <!-- runScenario -->
        <test-method signature="runScenario(io.cucumber.testng.PickleWrapper,io.cucumber.testng.FeatureWrapper)[pri:0, instance:org.SwagLabs.TestRunner.TestRunner3@50d3bf39]" started-at="2022-07-28T10:03:11 IST" name="runScenario" description="Runs Cucumber Scenarios" data-provider="scenarios" finished-at="2022-07-28T10:03:20 IST" duration-ms="9146" status="PASS">
          <params>
            <param index="0">
              <value>
                <![CDATA["To validate that user is able to click the softButton"]]>
              </value>
            </param>
            <param index="1">
              <value>
                <![CDATA["To verifying the fuctionlity of an soft option"]]>
              </value>
            </param>
          </params>
          <reporter-output>
          </reporter-output>
        </test-method> <!-- runScenario -->
        <test-method signature="runScenario(io.cucumber.testng.PickleWrapper,io.cucumber.testng.FeatureWrapper)[pri:0, instance:org.SwagLabs.TestRunner.TestRunner3@50d3bf39]" started-at="2022-07-28T10:03:20 IST" name="runScenario" description="Runs Cucumber Scenarios" data-provider="scenarios" finished-at="2022-07-28T10:03:42 IST" duration-ms="21735" status="PASS">
          <params>
            <param index="0">
              <value>
                <![CDATA["To checking the functionality of an sorting options."]]>
              </value>
            </param>
            <param index="1">
              <value>
                <![CDATA["To verifying the fuctionlity of an soft option"]]>
              </value>
            </param>
          </params>
          <reporter-output>
          </reporter-output>
        </test-method> <!-- runScenario -->
        <test-method is-config="true" signature="tearDownClass()[pri:0, instance:org.SwagLabs.TestRunner.TestRunner3@50d3bf39]" started-at="2022-07-28T10:03:42 IST" name="tearDownClass" finished-at="2022-07-28T10:03:42 IST" duration-ms="22" status="PASS">
          <reporter-output>
          </reporter-output>
        </test-method> <!-- tearDownClass -->
      </class> <!-- org.SwagLabs.TestRunner.TestRunner3 -->
      <class name="org.SwagLabs.TestRunner.TestRunner2">
        <test-method is-config="true" signature="setUpClass(org.testng.ITestContext)[pri:0, instance:org.SwagLabs.TestRunner.TestRunner2@5f303ecd]" started-at="2022-07-28T09:59:44 IST" name="setUpClass" finished-at="2022-07-28T09:59:44 IST" duration-ms="47" status="PASS">
          <params>
            <param index="0">
              <value>
                <![CDATA[org.testng.TestRunner@57cfdacc]]>
              </value>
            </param>
          </params>
          <reporter-output>
          </reporter-output>
        </test-method> <!-- setUpClass -->
        <test-method signature="runScenario(io.cucumber.testng.PickleWrapper,io.cucumber.testng.FeatureWrapper)[pri:0, instance:org.SwagLabs.TestRunner.TestRunner2@5f303ecd]" started-at="2022-07-28T09:59:44 IST" name="runScenario" description="Runs Cucumber Scenarios" data-provider="scenarios" finished-at="2022-07-28T09:59:56 IST" duration-ms="11549" status="PASS">
          <params>
            <param index="0">
              <value>
                <![CDATA["Checking the fuctionality of a login module with Valid credentials."]]>
              </value>
            </param>
            <param index="1">
              <value>
                <![CDATA["To verifying the functionality of an Login."]]>
              </value>
            </param>
          </params>
          <reporter-output>
          </reporter-output>
        </test-method> <!-- runScenario -->
        <test-method signature="runScenario(io.cucumber.testng.PickleWrapper,io.cucumber.testng.FeatureWrapper)[pri:0, instance:org.SwagLabs.TestRunner.TestRunner2@5f303ecd]" started-at="2022-07-28T09:59:56 IST" name="runScenario" description="Runs Cucumber Scenarios" data-provider="scenarios" finished-at="2022-07-28T10:00:10 IST" duration-ms="14243" status="PASS">
          <params>
            <param index="0">
              <value>
                <![CDATA["Checking the fuctionality of a login module with Valid credentials."]]>
              </value>
            </param>
            <param index="1">
              <value>
                <![CDATA["To verifying the functionality of an Login."]]>
              </value>
            </param>
          </params>
          <reporter-output>
          </reporter-output>
        </test-method> <!-- runScenario -->
        <test-method signature="runScenario(io.cucumber.testng.PickleWrapper,io.cucumber.testng.FeatureWrapper)[pri:0, instance:org.SwagLabs.TestRunner.TestRunner2@5f303ecd]" started-at="2022-07-28T10:00:10 IST" name="runScenario" description="Runs Cucumber Scenarios" data-provider="scenarios" finished-at="2022-07-28T10:00:32 IST" duration-ms="21685" status="PASS">
          <params>
            <param index="0">
              <value>
                <![CDATA["Checking the fuctionality of a login module with Valid credentials."]]>
              </value>
            </param>
            <param index="1">
              <value>
                <![CDATA["To verifying the functionality of an Login."]]>
              </value>
            </param>
          </params>
          <reporter-output>
          </reporter-output>
        </test-method> <!-- runScenario -->
        <test-method signature="runScenario(io.cucumber.testng.PickleWrapper,io.cucumber.testng.FeatureWrapper)[pri:0, instance:org.SwagLabs.TestRunner.TestRunner2@5f303ecd]" started-at="2022-07-28T10:00:32 IST" name="runScenario" description="Runs Cucumber Scenarios" data-provider="scenarios" finished-at="2022-07-28T10:00:53 IST" duration-ms="21175" status="PASS">
          <params>
            <param index="0">
              <value>
                <![CDATA["Checking the fuctionality of a login module with Valid credentials."]]>
              </value>
            </param>
            <param index="1">
              <value>
                <![CDATA["To verifying the functionality of an Login."]]>
              </value>
            </param>
          </params>
          <reporter-output>
          </reporter-output>
        </test-method> <!-- runScenario -->
        <test-method signature="runScenario(io.cucumber.testng.PickleWrapper,io.cucumber.testng.FeatureWrapper)[pri:0, instance:org.SwagLabs.TestRunner.TestRunner2@5f303ecd]" started-at="2022-07-28T10:00:53 IST" name="runScenario" description="Runs Cucumber Scenarios" data-provider="scenarios" finished-at="2022-07-28T10:01:20 IST" duration-ms="27007" status="PASS">
          <params>
            <param index="0">
              <value>
                <![CDATA["Checking the fuctionality of a login module with InValid credentials."]]>
              </value>
            </param>
            <param index="1">
              <value>
                <![CDATA["To verifying the functionality of an Login."]]>
              </value>
            </param>
          </params>
          <reporter-output>
          </reporter-output>
        </test-method> <!-- runScenario -->
        <test-method signature="runScenario(io.cucumber.testng.PickleWrapper,io.cucumber.testng.FeatureWrapper)[pri:0, instance:org.SwagLabs.TestRunner.TestRunner2@5f303ecd]" started-at="2022-07-28T10:01:20 IST" name="runScenario" description="Runs Cucumber Scenarios" data-provider="scenarios" finished-at="2022-07-28T10:01:41 IST" duration-ms="21434" status="PASS">
          <params>
            <param index="0">
              <value>
                <![CDATA["Checking the fuctionality of a login module without credentials."]]>
              </value>
            </param>
            <param index="1">
              <value>
                <![CDATA["To verifying the functionality of an Login."]]>
              </value>
            </param>
          </params>
          <reporter-output>
          </reporter-output>
        </test-method> <!-- runScenario -->
        <test-method signature="runScenario(io.cucumber.testng.PickleWrapper,io.cucumber.testng.FeatureWrapper)[pri:0, instance:org.SwagLabs.TestRunner.TestRunner2@5f303ecd]" started-at="2022-07-28T10:01:41 IST" name="runScenario" description="Runs Cucumber Scenarios" data-provider="scenarios" finished-at="2022-07-28T10:02:10 IST" duration-ms="29144" status="PASS">
          <params>
            <param index="0">
              <value>
                <![CDATA["Checking the fuctionality of a login module with Username only."]]>
              </value>
            </param>
            <param index="1">
              <value>
                <![CDATA["To verifying the functionality of an Login."]]>
              </value>
            </param>
          </params>
          <reporter-output>
          </reporter-output>
        </test-method> <!-- runScenario -->
        <test-method signature="runScenario(io.cucumber.testng.PickleWrapper,io.cucumber.testng.FeatureWrapper)[pri:0, instance:org.SwagLabs.TestRunner.TestRunner2@5f303ecd]" started-at="2022-07-28T10:02:10 IST" name="runScenario" description="Runs Cucumber Scenarios" data-provider="scenarios" finished-at="2022-07-28T10:02:42 IST" duration-ms="31397" status="PASS">
          <params>
            <param index="0">
              <value>
                <![CDATA["Checking the fuctionality of a login module with Password only."]]>
              </value>
            </param>
            <param index="1">
              <value>
                <![CDATA["To verifying the functionality of an Login."]]>
              </value>
            </param>
          </params>
          <reporter-output>
          </reporter-output>
        </test-method> <!-- runScenario -->
        <test-method is-config="true" signature="tearDownClass()[pri:0, instance:org.SwagLabs.TestRunner.TestRunner2@5f303ecd]" started-at="2022-07-28T10:02:42 IST" name="tearDownClass" finished-at="2022-07-28T10:02:42 IST" duration-ms="49" status="PASS">
          <reporter-output>
          </reporter-output>
        </test-method> <!-- tearDownClass -->
      </class> <!-- org.SwagLabs.TestRunner.TestRunner2 -->
    </test> <!-- Test -->
  </suite> <!-- Suite -->
</testng-results>
