<?xml version="1.0" encoding="UTF-8"?>
<testsuite xmlns:xsi="http://www.w3.org/2001/XMLSchema-instance" xsi:noNamespaceSchemaLocation="https://maven.apache.org/surefire/maven-surefire-plugin/xsd/surefire-test-report.xsd" name="TestSuite" time="250.74" tests="12" errors="0" skipped="0" failures="0">
  <properties>
[...]
</properties>
  <testcase name="runScenario" classname="org.SwagLabs.TestRunner.TestRunner1" time="10.041"/>
  <testcase name="runScenario" classname="org.SwagLabs.TestRunner.TestRunner2" time="11.549"/>
  <testcase name="runScenario" classname="org.SwagLabs.TestRunner.TestRunner2" time="14.242"/>
  <testcase name="runScenario" classname="org.SwagLabs.TestRunner.TestRunner2" time="21.685"/>
  <testcase name="runScenario" classname="org.SwagLabs.TestRunner.TestRunner2" time="21.174"/>
  <testcase name="runScenario" classname="org.SwagLabs.TestRunner.TestRunner2" time="27.007"/>
  <testcase name="runScenario" classname="org.SwagLabs.TestRunner.TestRunner2" time="21.434"/>
  <testcase name="runScenario" classname="org.SwagLabs.TestRunner.TestRunner2" time="29.144"/>
  <testcase name="runScenario" classname="org.SwagLabs.TestRunner.TestRunner2" time="31.397"/>
  <testcase name="runScenario" classname="org.SwagLabs.TestRunner.TestRunner3" time="28.812"/>
  <testcase name="runScenario" classname="org.SwagLabs.TestRunner.TestRunner3" time="9.144"/>
  <testcase name="runScenario" classname="org.SwagLabs.TestRunner.TestRunner3" time="21.735"/>
</testsuite>